<?xml version="1.0" encoding="UTF-8"?>
<testsuite xmlns:xsi="http://www.w3.org/2001/XMLSchema-instance" xsi:noNamespaceSchemaLocation="https://maven.apache.org/surefire/maven-surefire-plugin/xsd/surefire-test-report.xsd" version="3.0.2" name="se.uu.it.smbugfinder.BugPatternLoaderTest" time="0.025" tests="3" errors="0" skipped="0" failures="0">
  <properties>
[...]
</properties>
  <testcase name="loadClientParametricBugPatternTest" classname="se.uu.it.smbugfinder.BugPatternLoaderTest" time="0.011">
    <system-out><![CDATA[16:35:44.861 [main] INFO se.uu.it.smbugfinder.pattern.BugPatternLoader -- Loading bug patterns
16:35:44.862 [main] INFO se.uu.it.smbugfinder.pattern.BugPatternLoader -- Loading DFA at path: switching_cipher_suite.dot
16:35:44.868 [main] INFO se.uu.it.smbugfinder.pattern.BugPatternLoader -- Loading DFA at path: wrong_certificate_type.dot
16:35:44.869 [main] INFO se.uu.it.smbugfinder.pattern.BugPatternLoader -- Successfully loaded 2 bug patterns from catalogue /patterns/dtls/client/parametric/patterns.xml
16:35:44.870 [main] DEBUG se.uu.it.smbugfinder.BugPatternLoaderTest -- digraph g {

	s0 [shape="circle" label="s0"];
	s1 [shape="circle" label="s1"];
	s2 [shape="circle" label="s2"];
	s3 [shape="circle" label="s3"];
	s4 [shape="doublecircle" label="s4"];
	s5 [shape="circle" label="s5"];
	s6 [shape="circle" label="s6"];
	s0 -> s0 [label="I_APPLICATION"];
	s0 -> s0 [label="O_APPLICATION"];
	s0 -> s0 [label="I_RSA_SIGN_CERTIFICATE_REQUEST"];
	s0 -> s0 [label="I_ECDSA_SIGN_CERTIFICATE_REQUEST"];
	s0 -> s0 [label="O_RSA_CERTIFICATE"];
	s0 -> s0 [label="O_ECDSA_CERTIFICATE"];
	s0 -> s0 [label="O_CHANGE_CIPHER_SPEC"];
	s0 -> s0 [label="I_HELLO_REQUEST"];
	s0 -> s1 [label="I_PSK_SERVER_HELLO"];
	s0 -> s6 [label="I_RSA_SERVER_HELLO"];
	s1 -> s1 [label="I_APPLICATION"];
	s1 -> s1 [label="O_APPLICATION"];
	s1 -> s1 [label="I_RSA_SIGN_CERTIFICATE_REQUEST"];
	s1 -> s1 [label="I_ECDSA_SIGN_CERTIFICATE_REQUEST"];
	s1 -> s1 [label="O_RSA_CERTIFICATE"];
	s1 -> s1 [label="O_ECDSA_CERTIFICATE"];
	s1 -> s2 [label="O_CHANGE_CIPHER_SPEC"];
	s1 -> s0 [label="I_HELLO_REQUEST"];
	s1 -> s1 [label="I_PSK_SERVER_HELLO"];
	s1 -> s3 [label="I_RSA_SERVER_HELLO"];
	s2 -> s2 [label="I_APPLICATION"];
	s2 -> s2 [label="O_APPLICATION"];
	s2 -> s2 [label="I_RSA_SIGN_CERTIFICATE_REQUEST"];
	s2 -> s2 [label="I_ECDSA_SIGN_CERTIFICATE_REQUEST"];
	s2 -> s2 [label="O_RSA_CERTIFICATE"];
	s2 -> s2 [label="O_ECDSA_CERTIFICATE"];
	s2 -> s2 [label="O_CHANGE_CIPHER_SPEC"];
	s2 -> s0 [label="I_HELLO_REQUEST"];
	s2 -> s2 [label="I_PSK_SERVER_HELLO"];
	s2 -> s2 [label="I_RSA_SERVER_HELLO"];
	s3 -> s3 [label="I_APPLICATION"];
	s3 -> s4 [label="O_APPLICATION"];
	s3 -> s3 [label="I_RSA_SIGN_CERTIFICATE_REQUEST"];
	s3 -> s3 [label="I_ECDSA_SIGN_CERTIFICATE_REQUEST"];
	s3 -> s3 [label="O_RSA_CERTIFICATE"];
	s3 -> s3 [label="O_ECDSA_CERTIFICATE"];
	s3 -> s3 [label="O_CHANGE_CIPHER_SPEC"];
	s3 -> s3 [label="I_HELLO_REQUEST"];
	s3 -> s3 [label="I_PSK_SERVER_HELLO"];
	s3 -> s3 [label="I_RSA_SERVER_HELLO"];
	s4 -> s5 [label="I_APPLICATION"];
	s4 -> s5 [label="O_APPLICATION"];
	s4 -> s5 [label="I_RSA_SIGN_CERTIFICATE_REQUEST"];
	s4 -> s5 [label="I_ECDSA_SIGN_CERTIFICATE_REQUEST"];
	s4 -> s5 [label="O_RSA_CERTIFICATE"];
	s4 -> s5 [label="O_ECDSA_CERTIFICATE"];
	s4 -> s5 [label="O_CHANGE_CIPHER_SPEC"];
	s4 -> s5 [label="I_HELLO_REQUEST"];
	s4 -> s5 [label="I_PSK_SERVER_HELLO"];
	s4 -> s5 [label="I_RSA_SERVER_HELLO"];
	s5 -> s5 [label="I_APPLICATION"];
	s5 -> s5 [label="O_APPLICATION"];
	s5 -> s5 [label="I_RSA_SIGN_CERTIFICATE_REQUEST"];
	s5 -> s5 [label="I_ECDSA_SIGN_CERTIFICATE_REQUEST"];
	s5 -> s5 [label="O_RSA_CERTIFICATE"];
	s5 -> s5 [label="O_ECDSA_CERTIFICATE"];
	s5 -> s5 [label="O_CHANGE_CIPHER_SPEC"];
	s5 -> s5 [label="I_HELLO_REQUEST"];
	s5 -> s5 [label="I_PSK_SERVER_HELLO"];
	s5 -> s5 [label="I_RSA_SERVER_HELLO"];
	s6 -> s6 [label="I_APPLICATION"];
	s6 -> s6 [label="O_APPLICATION"];
	s6 -> s6 [label="I_RSA_SIGN_CERTIFICATE_REQUEST"];
	s6 -> s6 [label="I_ECDSA_SIGN_CERTIFICATE_REQUEST"];
	s6 -> s6 [label="O_RSA_CERTIFICATE"];
	s6 -> s6 [label="O_ECDSA_CERTIFICATE"];
	s6 -> s2 [label="O_CHANGE_CIPHER_SPEC"];
	s6 -> s0 [label="I_HELLO_REQUEST"];
	s6 -> s3 [label="I_PSK_SERVER_HELLO"];
	s6 -> s6 [label="I_RSA_SERVER_HELLO"];

__start0 [label="" shape="none" width="0" height="0"];
__start0 -> s0;

}

16:35:44.870 [main] DEBUG se.uu.it.smbugfinder.BugPatternLoaderTest -- digraph g {

	s0 [shape="circle" label="s0"];
	s1 [shape="circle" label="s1"];
	s2 [shape="doublecircle" label="s2"];
	s3 [shape="circle" label="s3"];
	s4 [shape="circle" label="s4"];
	s0 -> s0 [label="I_APPLICATION"];
	s0 -> s0 [label="O_APPLICATION"];
	s0 -> s1 [label="I_RSA_SIGN_CERTIFICATE_REQUEST"];
	s0 -> s4 [label="I_ECDSA_SIGN_CERTIFICATE_REQUEST"];
	s0 -> s0 [label="O_RSA_CERTIFICATE"];
	s0 -> s0 [label="O_ECDSA_CERTIFICATE"];
	s0 -> s0 [label="O_CHANGE_CIPHER_SPEC"];
	s0 -> s0 [label="I_HELLO_REQUEST"];
	s0 -> s0 [label="I_PSK_SERVER_HELLO"];
	s0 -> s0 [label="I_RSA_SERVER_HELLO"];
	s1 -> s1 [label="I_APPLICATION"];
	s1 -> s1 [label="O_APPLICATION"];
	s1 -> s1 [label="I_RSA_SIGN_CERTIFICATE_REQUEST"];
	s1 -> s1 [label="I_ECDSA_SIGN_CERTIFICATE_REQUEST"];
	s1 -> s1 [label="O_RSA_CERTIFICATE"];
	s1 -> s2 [label="O_ECDSA_CERTIFICATE"];
	s1 -> s1 [label="O_CHANGE_CIPHER_SPEC"];
	s1 -> s1 [label="I_HELLO_REQUEST"];
	s1 -> s1 [label="I_PSK_SERVER_HELLO"];
	s1 -> s1 [label="I_RSA_SERVER_HELLO"];
	s2 -> s3 [label="I_APPLICATION"];
	s2 -> s3 [label="O_APPLICATION"];
	s2 -> s3 [label="I_RSA_SIGN_CERTIFICATE_REQUEST"];
	s2 -> s3 [label="I_ECDSA_SIGN_CERTIFICATE_REQUEST"];
	s2 -> s3 [label="O_RSA_CERTIFICATE"];
	s2 -> s3 [label="O_ECDSA_CERTIFICATE"];
	s2 -> s3 [label="O_CHANGE_CIPHER_SPEC"];
	s2 -> s3 [label="I_HELLO_REQUEST"];
	s2 -> s3 [label="I_PSK_SERVER_HELLO"];
	s2 -> s3 [label="I_RSA_SERVER_HELLO"];
	s3 -> s3 [label="I_APPLICATION"];
	s3 -> s3 [label="O_APPLICATION"];
	s3 -> s3 [label="I_RSA_SIGN_CERTIFICATE_REQUEST"];
	s3 -> s3 [label="I_ECDSA_SIGN_CERTIFICATE_REQUEST"];
	s3 -> s3 [label="O_RSA_CERTIFICATE"];
	s3 -> s3 [label="O_ECDSA_CERTIFICATE"];
	s3 -> s3 [label="O_CHANGE_CIPHER_SPEC"];
	s3 -> s3 [label="I_HELLO_REQUEST"];
	s3 -> s3 [label="I_PSK_SERVER_HELLO"];
	s3 -> s3 [label="I_RSA_SERVER_HELLO"];
	s4 -> s4 [label="I_APPLICATION"];
	s4 -> s4 [label="O_APPLICATION"];
	s4 -> s4 [label="I_RSA_SIGN_CERTIFICATE_REQUEST"];
	s4 -> s4 [label="I_ECDSA_SIGN_CERTIFICATE_REQUEST"];
	s4 -> s2 [label="O_RSA_CERTIFICATE"];
	s4 -> s4 [label="O_ECDSA_CERTIFICATE"];
	s4 -> s4 [label="O_CHANGE_CIPHER_SPEC"];
	s4 -> s4 [label="I_HELLO_REQUEST"];
	s4 -> s4 [label="I_PSK_SERVER_HELLO"];
	s4 -> s4 [label="I_RSA_SERVER_HELLO"];

__start0 [label="" shape="none" width="0" height="0"];
__start0 -> s0;

}

]]></system-out>
  </testcase>
  <testcase name="loadServerParametricBugPatternTest" classname="se.uu.it.smbugfinder.BugPatternLoaderTest" time="0.004">
    <system-out><![CDATA[16:35:44.871 [main] INFO se.uu.it.smbugfinder.pattern.BugPatternLoader -- Loading bug patterns
16:35:44.871 [main] INFO se.uu.it.smbugfinder.pattern.BugPatternLoader -- Loading DFA at path: non-conforming_cookie.dot
16:35:44.874 [main] INFO se.uu.it.smbugfinder.pattern.BugPatternLoader -- Successfully loaded 1 bug patterns from catalogue /patterns/dtls/server/parametric/patterns.xml
16:35:44.874 [main] DEBUG se.uu.it.smbugfinder.BugPatternLoaderTest -- digraph g {

	s0 [shape="circle" label="s0"];
	s1 [shape="circle" label="s1"];
	s2 [shape="circle" label="s2"];
	s3 [shape="circle" label="s3"];
	s4 [shape="circle" label="s4"];
	s5 [shape="doublecircle" label="s5"];
	s6 [shape="circle" label="s6"];
	s7 [shape="circle" label="s7"];
	s8 [shape="circle" label="s8"];
	s9 [shape="circle" label="s9"];
	s10 [shape="circle" label="s10"];
	s11 [shape="circle" label="s11"];
	s0 -> s1 [label="I_ECDH_CLIENT_HELLO"];
	s0 -> s6 [label="I_DH_CLIENT_HELLO"];
	s0 -> s8 [label="I_PSK_CLIENT_HELLO"];
	s0 -> s10 [label="I_RSA_CLIENT_HELLO"];
	s0 -> s0 [label="O_HELLO_VERIFY_REQUEST"];
	s0 -> s0 [label="O_SERVER_HELLO"];
	s0 -> s0 [label="O_SERVER_HELLO_DONE"];
	s0 -> s0 [label="O_CERTIFICATE_REQUEST"];
	s1 -> s2 [label="I_ECDH_CLIENT_HELLO"];
	s1 -> s2 [label="I_DH_CLIENT_HELLO"];
	s1 -> s2 [label="I_PSK_CLIENT_HELLO"];
	s1 -> s2 [label="I_RSA_CLIENT_HELLO"];
	s1 -> s3 [label="O_HELLO_VERIFY_REQUEST"];
	s1 -> s2 [label="O_SERVER_HELLO"];
	s1 -> s2 [label="O_SERVER_HELLO_DONE"];
	s1 -> s2 [label="O_CERTIFICATE_REQUEST"];
	s2 -> s2 [label="I_ECDH_CLIENT_HELLO"];
	s2 -> s2 [label="I_DH_CLIENT_HELLO"];
	s2 -> s2 [label="I_PSK_CLIENT_HELLO"];
	s2 -> s2 [label="I_RSA_CLIENT_HELLO"];
	s2 -> s2 [label="O_HELLO_VERIFY_REQUEST"];
	s2 -> s2 [label="O_SERVER_HELLO"];
	s2 -> s2 [label="O_SERVER_HELLO_DONE"];
	s2 -> s2 [label="O_CERTIFICATE_REQUEST"];
	s3 -> s2 [label="I_ECDH_CLIENT_HELLO"];
	s3 -> s4 [label="I_DH_CLIENT_HELLO"];
	s3 -> s4 [label="I_PSK_CLIENT_HELLO"];
	s3 -> s4 [label="I_RSA_CLIENT_HELLO"];
	s3 -> s2 [label="O_HELLO_VERIFY_REQUEST"];
	s3 -> s2 [label="O_SERVER_HELLO"];
	s3 -> s2 [label="O_SERVER_HELLO_DONE"];
	s3 -> s2 [label="O_CERTIFICATE_REQUEST"];
	s4 -> s2 [label="I_ECDH_CLIENT_HELLO"];
	s4 -> s2 [label="I_DH_CLIENT_HELLO"];
	s4 -> s2 [label="I_PSK_CLIENT_HELLO"];
	s4 -> s2 [label="I_RSA_CLIENT_HELLO"];
	s4 -> s2 [label="O_HELLO_VERIFY_REQUEST"];
	s4 -> s5 [label="O_SERVER_HELLO"];
	s4 -> s2 [label="O_SERVER_HELLO_DONE"];
	s4 -> s2 [label="O_CERTIFICATE_REQUEST"];
	s5 -> s2 [label="I_ECDH_CLIENT_HELLO"];
	s5 -> s2 [label="I_DH_CLIENT_HELLO"];
	s5 -> s2 [label="I_PSK_CLIENT_HELLO"];
	s5 -> s2 [label="I_RSA_CLIENT_HELLO"];
	s5 -> s2 [label="O_HELLO_VERIFY_REQUEST"];
	s5 -> s2 [label="O_SERVER_HELLO"];
	s5 -> s2 [label="O_SERVER_HELLO_DONE"];
	s5 -> s2 [label="O_CERTIFICATE_REQUEST"];
	s6 -> s2 [label="I_ECDH_CLIENT_HELLO"];
	s6 -> s2 [label="I_DH_CLIENT_HELLO"];
	s6 -> s2 [label="I_PSK_CLIENT_HELLO"];
	s6 -> s2 [label="I_RSA_CLIENT_HELLO"];
	s6 -> s7 [label="O_HELLO_VERIFY_REQUEST"];
	s6 -> s2 [label="O_SERVER_HELLO"];
	s6 -> s2 [label="O_SERVER_HELLO_DONE"];
	s6 -> s2 [label="O_CERTIFICATE_REQUEST"];
	s7 -> s4 [label="I_ECDH_CLIENT_HELLO"];
	s7 -> s2 [label="I_DH_CLIENT_HELLO"];
	s7 -> s4 [label="I_PSK_CLIENT_HELLO"];
	s7 -> s4 [label="I_RSA_CLIENT_HELLO"];
	s7 -> s2 [label="O_HELLO_VERIFY_REQUEST"];
	s7 -> s2 [label="O_SERVER_HELLO"];
	s7 -> s2 [label="O_SERVER_HELLO_DONE"];
	s7 -> s2 [label="O_CERTIFICATE_REQUEST"];
	s8 -> s2 [label="I_ECDH_CLIENT_HELLO"];
	s8 -> s2 [label="I_DH_CLIENT_HELLO"];
	s8 -> s2 [label="I_PSK_CLIENT_HELLO"];
	s8 -> s2 [label="I_RSA_CLIENT_HELLO"];
	s8 -> s9 [label="O_HELLO_VERIFY_REQUEST"];
	s8 -> s2 [label="O_SERVER_HELLO"];
	s8 -> s2 [label="O_SERVER_HELLO_DONE"];
	s8 -> s2 [label="O_CERTIFICATE_REQUEST"];
	s9 -> s4 [label="I_ECDH_CLIENT_HELLO"];
	s9 -> s4 [label="I_DH_CLIENT_HELLO"];
	s9 -> s2 [label="I_PSK_CLIENT_HELLO"];
	s9 -> s4 [label="I_RSA_CLIENT_HELLO"];
	s9 -> s2 [label="O_HELLO_VERIFY_REQUEST"];
	s9 -> s2 [label="O_SERVER_HELLO"];
	s9 -> s2 [label="O_SERVER_HELLO_DONE"];
	s9 -> s2 [label="O_CERTIFICATE_REQUEST"];
	s10 -> s2 [label="I_ECDH_CLIENT_HELLO"];
	s10 -> s2 [label="I_DH_CLIENT_HELLO"];
	s10 -> s2 [label="I_PSK_CLIENT_HELLO"];
	s10 -> s2 [label="I_RSA_CLIENT_HELLO"];
	s10 -> s11 [label="O_HELLO_VERIFY_REQUEST"];
	s10 -> s2 [label="O_SERVER_HELLO"];
	s10 -> s2 [label="O_SERVER_HELLO_DONE"];
	s10 -> s2 [label="O_CERTIFICATE_REQUEST"];
	s11 -> s4 [label="I_ECDH_CLIENT_HELLO"];
	s11 -> s4 [label="I_DH_CLIENT_HELLO"];
	s11 -> s4 [label="I_PSK_CLIENT_HELLO"];
	s11 -> s2 [label="I_RSA_CLIENT_HELLO"];
	s11 -> s2 [label="O_HELLO_VERIFY_REQUEST"];
	s11 -> s2 [label="O_SERVER_HELLO"];
	s11 -> s2 [label="O_SERVER_HELLO_DONE"];
	s11 -> s2 [label="O_CERTIFICATE_REQUEST"];

__start0 [label="" shape="none" width="0" height="0"];
__start0 -> s0;

}

]]></system-out>
  </testcase>
  <testcase name="loadNonParametricBugPatternTest" classname="se.uu.it.smbugfinder.BugPatternLoaderTest" time="0.01">
    <system-out><![CDATA[16:35:44.874 [main] INFO se.uu.it.smbugfinder.pattern.BugPatternLoader -- Loading bug patterns
16:35:44.875 [main] INFO se.uu.it.smbugfinder.pattern.BugPatternLoader -- Loading DFA at path: early_finished.dot
16:35:44.875 [main] INFO se.uu.it.smbugfinder.pattern.BugPatternLoader -- Loading DFA at path: non-conforming_cookie.dot
16:35:44.876 [main] INFO se.uu.it.smbugfinder.pattern.BugPatternLoader -- Loading DFA at path: certificateverify-less_client_authentication.dot
16:35:44.877 [main] INFO se.uu.it.smbugfinder.pattern.BugPatternLoader -- Loading DFA at path: certificate-less_client_authentication.dot
16:35:44.877 [main] INFO se.uu.it.smbugfinder.pattern.BugPatternLoader -- Loading DFA at path: clientkeyexchange_before_certificate.dot
16:35:44.878 [main] INFO se.uu.it.smbugfinder.pattern.BugPatternLoader -- Loading DFA at path: clientkeyexchange_before_certificate.dot
16:35:44.878 [main] INFO se.uu.it.smbugfinder.pattern.BugPatternLoader -- Loading DFA at path: changecipherspec_before_certificateverify.dot
16:35:44.879 [main] INFO se.uu.it.smbugfinder.pattern.BugPatternLoader -- Loading DFA at path: continue_after_close.dot
16:35:44.879 [main] INFO se.uu.it.smbugfinder.pattern.BugPatternLoader -- Loading DFA at path: invalid_helloverifyrequest.dot
16:35:44.879 [main] INFO se.uu.it.smbugfinder.pattern.BugPatternLoader -- Loading DFA at path: finished_before_changecipherspec.dot
16:35:44.880 [main] INFO se.uu.it.smbugfinder.pattern.BugPatternLoader -- Loading DFA at path: helloverifyrequest_retransmission.dot
16:35:44.881 [main] INFO se.uu.it.smbugfinder.pattern.BugPatternLoader -- Loading DFA at path: internal_alert_on_finished.dot
16:35:44.881 [main] INFO se.uu.it.smbugfinder.pattern.BugPatternLoader -- Loading DFA at path: invalid_decrypt_error.dot
16:35:44.881 [main] INFO se.uu.it.smbugfinder.pattern.BugPatternLoader -- Loading DFA at path: invalid_finished_as_retransmission.dot
16:35:44.882 [main] INFO se.uu.it.smbugfinder.pattern.BugPatternLoader -- Loading DFA at path: invalid_helloverifyrequest.dot
16:35:44.882 [main] INFO se.uu.it.smbugfinder.pattern.BugPatternLoader -- Loading DFA at path: multiple_certificate.dot
16:35:44.883 [main] INFO se.uu.it.smbugfinder.pattern.BugPatternLoader -- Loading DFA at path: multiple_changecipherspec.dot
16:35:44.883 [main] INFO se.uu.it.smbugfinder.pattern.BugPatternLoader -- Successfully loaded 17 bug patterns from catalogue /patterns/dtls/server/patterns.xml
16:35:44.884 [main] DEBUG se.uu.it.smbugfinder.BugPatternLoaderTest -- digraph g {

	s0 [shape="circle" label="s0"];
	s1 [shape="circle" label="s1"];
	s2 [shape="doublecircle" label="s2"];
	s0 -> s0 [label="I_APPLICATION"];
	s0 -> s0 [label="O_APPLICATION"];
	s0 -> s1 [label="I_CHANGE_CIPHER_SPEC"];
	s0 -> s2 [label="O_CHANGE_CIPHER_SPEC"];
	s0 -> s0 [label="I_PSK_CLIENT_HELLO"];
	s0 -> s0 [label="I_PSK_CLIENT_KEY_EXCHANGE"];
	s0 -> s0 [label="I_FINISHED"];
	s0 -> s0 [label="O_FINISHED"];
	s0 -> s0 [label="O_SERVER_HELLO"];
	s0 -> s0 [label="O_SERVER_HELLO_DONE"];
	s0 -> s0 [label="O_CERTIFICATE_REQUEST"];
	s0 -> s0 [label="I_CERTIFICATE"];
	s0 -> s0 [label="O_HELLO_VERIFY_REQUEST"];
	s1 -> s1 [label="I_APPLICATION"];
	s1 -> s1 [label="O_APPLICATION"];
	s1 -> s1 [label="I_CHANGE_CIPHER_SPEC"];
	s1 -> s1 [label="O_CHANGE_CIPHER_SPEC"];
	s1 -> s1 [label="I_PSK_CLIENT_HELLO"];
	s1 -> s1 [label="I_PSK_CLIENT_KEY_EXCHANGE"];
	s1 -> s1 [label="I_FINISHED"];
	s1 -> s1 [label="O_FINISHED"];
	s1 -> s1 [label="O_SERVER_HELLO"];
	s1 -> s1 [label="O_SERVER_HELLO_DONE"];
	s1 -> s1 [label="O_CERTIFICATE_REQUEST"];
	s1 -> s1 [label="I_CERTIFICATE"];
	s1 -> s1 [label="O_HELLO_VERIFY_REQUEST"];
	s2 -> s1 [label="I_APPLICATION"];
	s2 -> s1 [label="O_APPLICATION"];
	s2 -> s1 [label="I_CHANGE_CIPHER_SPEC"];
	s2 -> s1 [label="O_CHANGE_CIPHER_SPEC"];
	s2 -> s1 [label="I_PSK_CLIENT_HELLO"];
	s2 -> s1 [label="I_PSK_CLIENT_KEY_EXCHANGE"];
	s2 -> s1 [label="I_FINISHED"];
	s2 -> s1 [label="O_FINISHED"];
	s2 -> s1 [label="O_SERVER_HELLO"];
	s2 -> s1 [label="O_SERVER_HELLO_DONE"];
	s2 -> s1 [label="O_CERTIFICATE_REQUEST"];
	s2 -> s1 [label="I_CERTIFICATE"];
	s2 -> s1 [label="O_HELLO_VERIFY_REQUEST"];

__start0 [label="" shape="none" width="0" height="0"];
__start0 -> s0;

}

16:35:44.884 [main] DEBUG se.uu.it.smbugfinder.BugPatternLoaderTest -- digraph g {

	s0 [shape="circle" label="s0"];
	s1 [shape="circle" label="s1"];
	s2 [shape="doublecircle" label="s2"];
	s3 [shape="circle" label="s3"];
	s0 -> s0 [label="I_APPLICATION"];
	s0 -> s0 [label="O_APPLICATION"];
	s0 -> s0 [label="I_CHANGE_CIPHER_SPEC"];
	s0 -> s0 [label="O_CHANGE_CIPHER_SPEC"];
	s0 -> s0 [label="I_PSK_CLIENT_HELLO"];
	s0 -> s0 [label="I_PSK_CLIENT_KEY_EXCHANGE"];
	s0 -> s0 [label="I_FINISHED"];
	s0 -> s0 [label="O_FINISHED"];
	s0 -> s0 [label="O_SERVER_HELLO"];
	s0 -> s0 [label="O_SERVER_HELLO_DONE"];
	s0 -> s1 [label="O_CERTIFICATE_REQUEST"];
	s0 -> s0 [label="I_CERTIFICATE"];
	s0 -> s0 [label="O_HELLO_VERIFY_REQUEST"];
	s1 -> s1 [label="I_APPLICATION"];
	s1 -> s1 [label="O_APPLICATION"];
	s1 -> s1 [label="I_CHANGE_CIPHER_SPEC"];
	s1 -> s2 [label="O_CHANGE_CIPHER_SPEC"];
	s1 -> s1 [label="I_PSK_CLIENT_HELLO"];
	s1 -> s1 [label="I_PSK_CLIENT_KEY_EXCHANGE"];
	s1 -> s1 [label="I_FINISHED"];
	s1 -> s1 [label="O_FINISHED"];
	s1 -> s0 [label="O_SERVER_HELLO"];
	s1 -> s1 [label="O_SERVER_HELLO_DONE"];
	s1 -> s1 [label="O_CERTIFICATE_REQUEST"];
	s1 -> s3 [label="I_CERTIFICATE"];
	s1 -> s1 [label="O_HELLO_VERIFY_REQUEST"];
	s2 -> s2 [label="I_APPLICATION"];
	s2 -> s2 [label="O_APPLICATION"];
	s2 -> s2 [label="I_CHANGE_CIPHER_SPEC"];
	s2 -> s2 [label="O_CHANGE_CIPHER_SPEC"];
	s2 -> s2 [label="I_PSK_CLIENT_HELLO"];
	s2 -> s2 [label="I_PSK_CLIENT_KEY_EXCHANGE"];
	s2 -> s2 [label="I_FINISHED"];
	s2 -> s2 [label="O_FINISHED"];
	s2 -> s2 [label="O_SERVER_HELLO"];
	s2 -> s2 [label="O_SERVER_HELLO_DONE"];
	s2 -> s2 [label="O_CERTIFICATE_REQUEST"];
	s2 -> s2 [label="I_CERTIFICATE"];
	s2 -> s2 [label="O_HELLO_VERIFY_REQUEST"];
	s3 -> s3 [label="I_APPLICATION"];
	s3 -> s3 [label="O_APPLICATION"];
	s3 -> s3 [label="I_CHANGE_CIPHER_SPEC"];
	s3 -> s3 [label="O_CHANGE_CIPHER_SPEC"];
	s3 -> s3 [label="I_PSK_CLIENT_HELLO"];
	s3 -> s3 [label="I_PSK_CLIENT_KEY_EXCHANGE"];
	s3 -> s3 [label="I_FINISHED"];
	s3 -> s3 [label="O_FINISHED"];
	s3 -> s3 [label="O_SERVER_HELLO"];
	s3 -> s3 [label="O_SERVER_HELLO_DONE"];
	s3 -> s3 [label="O_CERTIFICATE_REQUEST"];
	s3 -> s3 [label="I_CERTIFICATE"];
	s3 -> s3 [label="O_HELLO_VERIFY_REQUEST"];

__start0 [label="" shape="none" width="0" height="0"];
__start0 -> s0;

}

16:35:44.884 [main] DEBUG se.uu.it.smbugfinder.BugPatternLoaderTest -- digraph g {

	s0 [shape="circle" label="s0"];
	s1 [shape="circle" label="s1"];
	s2 [shape="circle" label="s2"];
	s3 [shape="doublecircle" label="s3"];
	s4 [shape="circle" label="s4"];
	s0 -> s0 [label="I_APPLICATION"];
	s0 -> s0 [label="O_APPLICATION"];
	s0 -> s1 [label="I_CHANGE_CIPHER_SPEC"];
	s0 -> s0 [label="O_CHANGE_CIPHER_SPEC"];
	s0 -> s0 [label="I_PSK_CLIENT_HELLO"];
	s0 -> s0 [label="I_PSK_CLIENT_KEY_EXCHANGE"];
	s0 -> s0 [label="I_FINISHED"];
	s0 -> s0 [label="O_FINISHED"];
	s0 -> s0 [label="O_SERVER_HELLO"];
	s0 -> s0 [label="O_SERVER_HELLO_DONE"];
	s0 -> s0 [label="O_CERTIFICATE_REQUEST"];
	s0 -> s0 [label="I_CERTIFICATE"];
	s0 -> s0 [label="O_HELLO_VERIFY_REQUEST"];
	s1 -> s1 [label="I_APPLICATION"];
	s1 -> s1 [label="O_APPLICATION"];
	s1 -> s2 [label="I_CHANGE_CIPHER_SPEC"];
	s1 -> s4 [label="O_CHANGE_CIPHER_SPEC"];
	s1 -> s1 [label="I_PSK_CLIENT_HELLO"];
	s1 -> s1 [label="I_PSK_CLIENT_KEY_EXCHANGE"];
	s1 -> s1 [label="I_FINISHED"];
	s1 -> s1 [label="O_FINISHED"];
	s1 -> s0 [label="O_SERVER_HELLO"];
	s1 -> s1 [label="O_SERVER_HELLO_DONE"];
	s1 -> s1 [label="O_CERTIFICATE_REQUEST"];
	s1 -> s1 [label="I_CERTIFICATE"];
	s1 -> s1 [label="O_HELLO_VERIFY_REQUEST"];
	s2 -> s2 [label="I_APPLICATION"];
	s2 -> s2 [label="O_APPLICATION"];
	s2 -> s2 [label="I_CHANGE_CIPHER_SPEC"];
	s2 -> s3 [label="O_CHANGE_CIPHER_SPEC"];
	s2 -> s2 [label="I_PSK_CLIENT_HELLO"];
	s2 -> s2 [label="I_PSK_CLIENT_KEY_EXCHANGE"];
	s2 -> s2 [label="I_FINISHED"];
	s2 -> s2 [label="O_FINISHED"];
	s2 -> s0 [label="O_SERVER_HELLO"];
	s2 -> s2 [label="O_SERVER_HELLO_DONE"];
	s2 -> s2 [label="O_CERTIFICATE_REQUEST"];
	s2 -> s2 [label="I_CERTIFICATE"];
	s2 -> s2 [label="O_HELLO_VERIFY_REQUEST"];
	s3 -> s3 [label="I_APPLICATION"];
	s3 -> s3 [label="O_APPLICATION"];
	s3 -> s3 [label="I_CHANGE_CIPHER_SPEC"];
	s3 -> s3 [label="O_CHANGE_CIPHER_SPEC"];
	s3 -> s3 [label="I_PSK_CLIENT_HELLO"];
	s3 -> s3 [label="I_PSK_CLIENT_KEY_EXCHANGE"];
	s3 -> s3 [label="I_FINISHED"];
	s3 -> s3 [label="O_FINISHED"];
	s3 -> s3 [label="O_SERVER_HELLO"];
	s3 -> s3 [label="O_SERVER_HELLO_DONE"];
	s3 -> s3 [label="O_CERTIFICATE_REQUEST"];
	s3 -> s3 [label="I_CERTIFICATE"];
	s3 -> s3 [label="O_HELLO_VERIFY_REQUEST"];
	s4 -> s4 [label="I_APPLICATION"];
	s4 -> s4 [label="O_APPLICATION"];
	s4 -> s4 [label="I_CHANGE_CIPHER_SPEC"];
	s4 -> s4 [label="O_CHANGE_CIPHER_SPEC"];
	s4 -> s4 [label="I_PSK_CLIENT_HELLO"];
	s4 -> s4 [label="I_PSK_CLIENT_KEY_EXCHANGE"];
	s4 -> s4 [label="I_FINISHED"];
	s4 -> s4 [label="O_FINISHED"];
	s4 -> s4 [label="O_SERVER_HELLO"];
	s4 -> s4 [label="O_SERVER_HELLO_DONE"];
	s4 -> s4 [label="O_CERTIFICATE_REQUEST"];
	s4 -> s4 [label="I_CERTIFICATE"];
	s4 -> s4 [label="O_HELLO_VERIFY_REQUEST"];

__start0 [label="" shape="none" width="0" height="0"];
__start0 -> s0;

}

]]></system-out>
  </testcase>
</testsuite>