<?xml version="1.0" encoding="UTF-8"?>
<testsuite xmlns:xsi="http://www.w3.org/2001/XMLSchema-instance" xsi:noNamespaceSchemaLocation="https://maven.apache.org/surefire/maven-failsafe-plugin/xsd/failsafe-test-report.xsd" version="3.0.2" name="se.uu.it.smbugfinder.execution.SshCommandsExecIT" time="0.795" tests="6" errors="0" skipped="0" failures="0">
  <properties>
[...]
</properties>
  <testcase name="testBitViseServers" classname="se.uu.it.smbugfinder.execution.SshCommandsExecIT" time="0.362"/>
  <testcase name="testOpenSSHServer6_9" classname="se.uu.it.smbugfinder.execution.SshCommandsExecIT" time="0.113"/>
  <testcase name="testOpenSSHServer8_2" classname="se.uu.it.smbugfinder.execution.SshCommandsExecIT" time="0.104"/>
  <testcase name="testOpenSSHServer8_8" classname="se.uu.it.smbugfinder.execution.SshCommandsExecIT" time="0.106"/>
  <testcase name="testDropbearServer2014_65" classname="se.uu.it.smbugfinder.execution.SshCommandsExecIT" time="0.06"/>
  <testcase name="testDropbearServer2020_81" classname="se.uu.it.smbugfinder.execution.SshCommandsExecIT" time="0.05"/>
</testsuite>